
Attaching package: ‘dplyr’

The following objects are masked from ‘package:stats’:

    filter, lag

The following objects are masked from ‘package:base’:

    intersect, setdiff, setequal, union

Loading required package: StanHeaders
rstan (Version 2.18.2, GitRev: 2e1f913d3ca3)
For execution on a local, multicore CPU with excess RAM we recommend calling
options(mc.cores = parallel::detectCores()).
To avoid recompilation of unchanged Stan programs, we recommend calling
rstan_options(auto_write = TRUE)

SAMPLING FOR MODEL 'PS-modelSpec' NOW (CHAIN 1).

SAMPLING FOR MODEL 'PS-modelSpec' NOW (CHAIN 2).

SAMPLING FOR MODEL 'PS-modelSpec' NOW (CHAIN 3).

SAMPLING FOR MODEL 'PS-modelSpec' NOW (CHAIN 4).
Chain 3: 
Chain 3: Gradient evaluation took 0.006331 seconds
Chain 3: 1000 transitions using 10 leapfrog steps per transition would take 63.31 seconds.
Chain 3: Adjust your expectations accordingly!
Chain 3: 
Chain 3: 
Chain 3: Iteration:    1 / 3000 [  0%]  (Warmup)
Chain 1: 
Chain 1: Gradient evaluation took 0.006584 seconds
Chain 1: 1000 transitions using 10 leapfrog steps per transition would take 65.84 seconds.
Chain 1: Adjust your expectations accordingly!
Chain 1: 
Chain 1: 
Chain 4: 
Chain 4: Gradient evaluation took 0.006698 seconds
Chain 4: 1000 transitions using 10 leapfrog steps per transition would take 66.98 seconds.
Chain 4: Adjust your expectations accordingly!
Chain 4: 
Chain 4: 
Chain 1: Iteration:    1 / 3000 [  0%]  (Warmup)
Chain 4: Iteration:    1 / 3000 [  0%]  (Warmup)
Chain 2: 
Chain 2: Gradient evaluation took 0.006949 seconds
Chain 2: 1000 transitions using 10 leapfrog steps per transition would take 69.49 seconds.
Chain 2: Adjust your expectations accordingly!
Chain 2: 
Chain 2: 
Chain 2: Iteration:    1 / 3000 [  0%]  (Warmup)
Chain 3: Iteration:  250 / 3000 [  8%]  (Warmup)
Chain 2: Iteration:  250 / 3000 [  8%]  (Warmup)
Chain 4: Iteration:  250 / 3000 [  8%]  (Warmup)
Chain 3: Iteration:  500 / 3000 [ 16%]  (Warmup)
Chain 1: Iteration:  250 / 3000 [  8%]  (Warmup)
Chain 3: Iteration:  750 / 3000 [ 25%]  (Warmup)
Chain 2: Iteration:  500 / 3000 [ 16%]  (Warmup)
Chain 1: Iteration:  500 / 3000 [ 16%]  (Warmup)
Chain 4: Iteration:  500 / 3000 [ 16%]  (Warmup)
Chain 2: Iteration:  750 / 3000 [ 25%]  (Warmup)
Chain 3: Iteration: 1000 / 3000 [ 33%]  (Warmup)
Chain 1: Iteration:  750 / 3000 [ 25%]  (Warmup)
Chain 3: Iteration: 1001 / 3000 [ 33%]  (Sampling)
Chain 4: Iteration:  750 / 3000 [ 25%]  (Warmup)
Chain 3: Iteration: 1250 / 3000 [ 41%]  (Sampling)
Chain 1: Iteration: 1000 / 3000 [ 33%]  (Warmup)
Chain 1: Iteration: 1001 / 3000 [ 33%]  (Sampling)
Chain 4: Iteration: 1000 / 3000 [ 33%]  (Warmup)
Chain 4: Iteration: 1001 / 3000 [ 33%]  (Sampling)
Chain 2: Iteration: 1000 / 3000 [ 33%]  (Warmup)
Chain 2: Iteration: 1001 / 3000 [ 33%]  (Sampling)
Chain 3: Iteration: 1500 / 3000 [ 50%]  (Sampling)
Chain 1: Iteration: 1250 / 3000 [ 41%]  (Sampling)
Chain 4: Iteration: 1250 / 3000 [ 41%]  (Sampling)
Chain 2: Iteration: 1250 / 3000 [ 41%]  (Sampling)
Chain 1: Iteration: 1500 / 3000 [ 50%]  (Sampling)
Chain 4: Iteration: 1500 / 3000 [ 50%]  (Sampling)
Chain 3: Iteration: 1750 / 3000 [ 58%]  (Sampling)
Chain 1: Iteration: 1750 / 3000 [ 58%]  (Sampling)
Chain 4: Iteration: 1750 / 3000 [ 58%]  (Sampling)
Chain 1: Iteration: 2000 / 3000 [ 66%]  (Sampling)
Chain 3: Iteration: 2000 / 3000 [ 66%]  (Sampling)
Chain 2: Iteration: 1500 / 3000 [ 50%]  (Sampling)
Chain 4: Iteration: 2000 / 3000 [ 66%]  (Sampling)
Chain 1: Iteration: 2250 / 3000 [ 75%]  (Sampling)
Chain 3: Iteration: 2250 / 3000 [ 75%]  (Sampling)
Chain 4: Iteration: 2250 / 3000 [ 75%]  (Sampling)
Chain 1: Iteration: 2500 / 3000 [ 83%]  (Sampling)
Chain 2: Iteration: 1750 / 3000 [ 58%]  (Sampling)
Chain 3: Iteration: 2500 / 3000 [ 83%]  (Sampling)
Chain 4: Iteration: 2500 / 3000 [ 83%]  (Sampling)
Chain 1: Iteration: 2750 / 3000 [ 91%]  (Sampling)
Chain 2: Iteration: 2000 / 3000 [ 66%]  (Sampling)
Chain 3: Iteration: 2750 / 3000 [ 91%]  (Sampling)
Chain 4: Iteration: 2750 / 3000 [ 91%]  (Sampling)
Chain 1: Iteration: 3000 / 3000 [100%]  (Sampling)
Chain 1: 
Chain 1:  Elapsed Time: 1598.66 seconds (Warm-up)
Chain 1:                2187.11 seconds (Sampling)
Chain 1:                3785.77 seconds (Total)
Chain 1: 
Chain 3: Iteration: 3000 / 3000 [100%]  (Sampling)
Chain 3: 
Chain 3:  Elapsed Time: 1290.77 seconds (Warm-up)
Chain 3:                2633.62 seconds (Sampling)
Chain 3:                3924.39 seconds (Total)
Chain 3: 
Chain 2: Iteration: 2250 / 3000 [ 75%]  (Sampling)
Chain 4: Iteration: 3000 / 3000 [100%]  (Sampling)
Chain 4: 
Chain 4:  Elapsed Time: 1605.13 seconds (Warm-up)
Chain 4:                2593.93 seconds (Sampling)
Chain 4:                4199.07 seconds (Total)
Chain 4: 
Chain 2: Iteration: 2500 / 3000 [ 83%]  (Sampling)
Chain 2: Iteration: 2750 / 3000 [ 91%]  (Sampling)
Chain 2: Iteration: 3000 / 3000 [100%]  (Sampling)
Chain 2: 
Chain 2:  Elapsed Time: 1621.02 seconds (Warm-up)
Chain 2:                3773.66 seconds (Sampling)
Chain 2:                5394.68 seconds (Total)
Chain 2: 
Warning messages:
1: There were 4 chains where the estimated Bayesian Fraction of Missing Information was low. See
http://mc-stan.org/misc/warnings.html#bfmi-low 
2: Examine the pairs() plot to diagnose sampling problems
 
